<?xml version="1.0" encoding="UTF-8"?>
<testsuite xmlns:xsi="http://www.w3.org/2001/XMLSchema-instance" xsi:noNamespaceSchemaLocation="https://maven.apache.org/surefire/maven-surefire-plugin/xsd/surefire-test-report.xsd" name="com.yixing.splib.SplibApplicationTests" time="4.904" tests="1" errors="0" skipped="0" failures="0">
  <properties>
    <property name="sun.desktop" value="windows"/>
    <property name="awt.toolkit" value="sun.awt.windows.WToolkit"/>
    <property name="file.encoding.pkg" value="sun.io"/>
    <property name="java.specification.version" value="1.8"/>
    <property name="sun.cpu.isalist" value="amd64"/>
    <property name="sun.jnu.encoding" value="GBK"/>
    <property name="java.class.path" value="D:\splib\target\test-classes;D:\splib\target\classes;E:\mavenProject\org\springframework\boot\spring-boot-starter-thymeleaf\2.0.3.RELEASE\spring-boot-starter-thymeleaf-2.0.3.RELEASE.jar;E:\mavenProject\org\springframework\boot\spring-boot-starter\2.0.3.RELEASE\spring-boot-starter-2.0.3.RELEASE.jar;E:\mavenProject\org\springframework\boot\spring-boot\2.0.3.RELEASE\spring-boot-2.0.3.RELEASE.jar;E:\mavenProject\org\springframework\boot\spring-boot-autoconfigure\2.0.3.RELEASE\spring-boot-autoconfigure-2.0.3.RELEASE.jar;E:\mavenProject\org\springframework\boot\spring-boot-starter-logging\2.0.3.RELEASE\spring-boot-starter-logging-2.0.3.RELEASE.jar;E:\mavenProject\ch\qos\logback\logback-classic\1.2.3\logback-classic-1.2.3.jar;E:\mavenProject\ch\qos\logback\logback-core\1.2.3\logback-core-1.2.3.jar;E:\mavenProject\org\apache\logging\log4j\log4j-to-slf4j\2.10.0\log4j-to-slf4j-2.10.0.jar;E:\mavenProject\org\apache\logging\log4j\log4j-api\2.10.0\log4j-api-2.10.0.jar;E:\mavenProject\org\slf4j\jul-to-slf4j\1.7.25\jul-to-slf4j-1.7.25.jar;E:\mavenProject\javax\annotation\javax.annotation-api\1.3.2\javax.annotation-api-1.3.2.jar;E:\mavenProject\org\yaml\snakeyaml\1.19\snakeyaml-1.19.jar;E:\mavenProject\org\thymeleaf\thymeleaf-spring5\3.0.9.RELEASE\thymeleaf-spring5-3.0.9.RELEASE.jar;E:\mavenProject\org\thymeleaf\thymeleaf\3.0.9.RELEASE\thymeleaf-3.0.9.RELEASE.jar;E:\mavenProject\org\attoparser\attoparser\2.0.4.RELEASE\attoparser-2.0.4.RELEASE.jar;E:\mavenProject\org\unbescape\unbescape\1.1.5.RELEASE\unbescape-1.1.5.RELEASE.jar;E:\mavenProject\org\slf4j\slf4j-api\1.7.25\slf4j-api-1.7.25.jar;E:\mavenProject\org\thymeleaf\extras\thymeleaf-extras-java8time\3.0.1.RELEASE\thymeleaf-extras-java8time-3.0.1.RELEASE.jar;E:\mavenProject\org\springframework\boot\spring-boot-starter-web\2.0.3.RELEASE\spring-boot-starter-web-2.0.3.RELEASE.jar;E:\mavenProject\org\springframework\boot\spring-boot-starter-json\2.0.3.RELEASE\spring-boot-starter-json-2.0.3.RELEASE.jar;E:\mavenProject\com\fasterxml\jackson\core\jackson-databind\2.9.6\jackson-databind-2.9.6.jar;E:\mavenProject\com\fasterxml\jackson\core\jackson-annotations\2.9.0\jackson-annotations-2.9.0.jar;E:\mavenProject\com\fasterxml\jackson\core\jackson-core\2.9.6\jackson-core-2.9.6.jar;E:\mavenProject\com\fasterxml\jackson\datatype\jackson-datatype-jdk8\2.9.6\jackson-datatype-jdk8-2.9.6.jar;E:\mavenProject\com\fasterxml\jackson\datatype\jackson-datatype-jsr310\2.9.6\jackson-datatype-jsr310-2.9.6.jar;E:\mavenProject\com\fasterxml\jackson\module\jackson-module-parameter-names\2.9.6\jackson-module-parameter-names-2.9.6.jar;E:\mavenProject\org\springframework\boot\spring-boot-starter-tomcat\2.0.3.RELEASE\spring-boot-starter-tomcat-2.0.3.RELEASE.jar;E:\mavenProject\org\apache\tomcat\embed\tomcat-embed-core\8.5.31\tomcat-embed-core-8.5.31.jar;E:\mavenProject\org\apache\tomcat\embed\tomcat-embed-el\8.5.31\tomcat-embed-el-8.5.31.jar;E:\mavenProject\org\apache\tomcat\embed\tomcat-embed-websocket\8.5.31\tomcat-embed-websocket-8.5.31.jar;E:\mavenProject\org\hibernate\validator\hibernate-validator\6.0.10.Final\hibernate-validator-6.0.10.Final.jar;E:\mavenProject\javax\validation\validation-api\2.0.1.Final\validation-api-2.0.1.Final.jar;E:\mavenProject\org\jboss\logging\jboss-logging\3.3.2.Final\jboss-logging-3.3.2.Final.jar;E:\mavenProject\com\fasterxml\classmate\1.3.4\classmate-1.3.4.jar;E:\mavenProject\org\springframework\spring-web\5.0.7.RELEASE\spring-web-5.0.7.RELEASE.jar;E:\mavenProject\org\springframework\spring-beans\5.0.7.RELEASE\spring-beans-5.0.7.RELEASE.jar;E:\mavenProject\org\springframework\spring-webmvc\5.0.7.RELEASE\spring-webmvc-5.0.7.RELEASE.jar;E:\mavenProject\org\springframework\spring-aop\5.0.7.RELEASE\spring-aop-5.0.7.RELEASE.jar;E:\mavenProject\org\springframework\spring-context\5.0.7.RELEASE\spring-context-5.0.7.RELEASE.jar;E:\mavenProject\org\springframework\spring-expression\5.0.7.RELEASE\spring-expression-5.0.7.RELEASE.jar;E:\mavenProject\org\springframework\boot\spring-boot-starter-test\2.0.3.RELEASE\spring-boot-starter-test-2.0.3.RELEASE.jar;E:\mavenProject\org\springframework\boot\spring-boot-test\2.0.3.RELEASE\spring-boot-test-2.0.3.RELEASE.jar;E:\mavenProject\org\springframework\boot\spring-boot-test-autoconfigure\2.0.3.RELEASE\spring-boot-test-autoconfigure-2.0.3.RELEASE.jar;E:\mavenProject\com\jayway\jsonpath\json-path\2.4.0\json-path-2.4.0.jar;E:\mavenProject\net\minidev\json-smart\2.3\json-smart-2.3.jar;E:\mavenProject\net\minidev\accessors-smart\1.2\accessors-smart-1.2.jar;E:\mavenProject\org\ow2\asm\asm\5.0.4\asm-5.0.4.jar;E:\mavenProject\junit\junit\4.12\junit-4.12.jar;E:\mavenProject\org\assertj\assertj-core\3.9.1\assertj-core-3.9.1.jar;E:\mavenProject\org\mockito\mockito-core\2.15.0\mockito-core-2.15.0.jar;E:\mavenProject\net\bytebuddy\byte-buddy\1.7.11\byte-buddy-1.7.11.jar;E:\mavenProject\net\bytebuddy\byte-buddy-agent\1.7.11\byte-buddy-agent-1.7.11.jar;E:\mavenProject\org\objenesis\objenesis\2.6\objenesis-2.6.jar;E:\mavenProject\org\hamcrest\hamcrest-core\1.3\hamcrest-core-1.3.jar;E:\mavenProject\org\hamcrest\hamcrest-library\1.3\hamcrest-library-1.3.jar;E:\mavenProject\org\skyscreamer\jsonassert\1.5.0\jsonassert-1.5.0.jar;E:\mavenProject\com\vaadin\external\google\android-json\0.0.20131108.vaadin1\android-json-0.0.20131108.vaadin1.jar;E:\mavenProject\org\springframework\spring-core\5.0.7.RELEASE\spring-core-5.0.7.RELEASE.jar;E:\mavenProject\org\springframework\spring-jcl\5.0.7.RELEASE\spring-jcl-5.0.7.RELEASE.jar;E:\mavenProject\org\springframework\spring-test\5.0.7.RELEASE\spring-test-5.0.7.RELEASE.jar;E:\mavenProject\org\xmlunit\xmlunit-core\2.5.1\xmlunit-core-2.5.1.jar;E:\mavenProject\org\springframework\boot\spring-boot-starter-jdbc\2.0.3.RELEASE\spring-boot-starter-jdbc-2.0.3.RELEASE.jar;E:\mavenProject\com\zaxxer\HikariCP\2.7.9\HikariCP-2.7.9.jar;E:\mavenProject\org\springframework\spring-jdbc\5.0.7.RELEASE\spring-jdbc-5.0.7.RELEASE.jar;E:\mavenProject\org\springframework\spring-tx\5.0.7.RELEASE\spring-tx-5.0.7.RELEASE.jar;E:\mavenProject\mysql\mysql-connector-java\5.1.46\mysql-connector-java-5.1.46.jar;E:\mavenProject\org\mybatis\mybatis\3.4.4\mybatis-3.4.4.jar;E:\mavenProject\org\mybatis\spring\boot\mybatis-spring-boot-starter\1.3.0\mybatis-spring-boot-starter-1.3.0.jar;E:\mavenProject\org\mybatis\spring\boot\mybatis-spring-boot-autoconfigure\1.3.0\mybatis-spring-boot-autoconfigure-1.3.0.jar;E:\mavenProject\org\mybatis\mybatis-spring\1.3.1\mybatis-spring-1.3.1.jar;E:\mavenProject\org\mybatis\generator\mybatis-generator-core\1.3.1\mybatis-generator-core-1.3.1.jar;E:\mavenProject\com\github\pagehelper\pagehelper\5.1.2\pagehelper-5.1.2.jar;E:\mavenProject\com\github\jsqlparser\jsqlparser\1.0\jsqlparser-1.0.jar;E:\mavenProject\org\apache\shiro\shiro-spring\1.4.0\shiro-spring-1.4.0.jar;E:\mavenProject\org\apache\shiro\shiro-core\1.4.0\shiro-core-1.4.0.jar;E:\mavenProject\org\apache\shiro\shiro-lang\1.4.0\shiro-lang-1.4.0.jar;E:\mavenProject\org\apache\shiro\shiro-cache\1.4.0\shiro-cache-1.4.0.jar;E:\mavenProject\org\apache\shiro\shiro-crypto-hash\1.4.0\shiro-crypto-hash-1.4.0.jar;E:\mavenProject\org\apache\shiro\shiro-crypto-core\1.4.0\shiro-crypto-core-1.4.0.jar;E:\mavenProject\org\apache\shiro\shiro-crypto-cipher\1.4.0\shiro-crypto-cipher-1.4.0.jar;E:\mavenProject\org\apache\shiro\shiro-config-core\1.4.0\shiro-config-core-1.4.0.jar;E:\mavenProject\org\apache\shiro\shiro-config-ogdl\1.4.0\shiro-config-ogdl-1.4.0.jar;E:\mavenProject\commons-beanutils\commons-beanutils\1.9.3\commons-beanutils-1.9.3.jar;E:\mavenProject\commons-collections\commons-collections\3.2.2\commons-collections-3.2.2.jar;E:\mavenProject\org\apache\shiro\shiro-event\1.4.0\shiro-event-1.4.0.jar;E:\mavenProject\org\apache\shiro\shiro-web\1.4.0\shiro-web-1.4.0.jar;E:\mavenProject\org\apache\shiro\shiro-ehcache\1.2.2\shiro-ehcache-1.2.2.jar;E:\mavenProject\net\sf\ehcache\ehcache-core\2.5.0\ehcache-core-2.5.0.jar;"/>
    <property name="java.vm.vendor" value="Oracle Corporation"/>
    <property name="sun.arch.data.model" value="64"/>
    <property name="user.variant" value=""/>
    <property name="java.vendor.url" value="http://java.oracle.com/"/>
    <property name="user.timezone" value=""/>
    <property name="java.vm.specification.version" value="1.8"/>
    <property name="os.name" value="Windows 10"/>
    <property name="user.country" value="CN"/>
    <property name="sun.java.launcher" value="SUN_STANDARD"/>
    <property name="sun.boot.library.path" value="C:\Program Files\Java\jdk1.8.0_121\jre\bin"/>
    <property name="sun.java.command" value="C:\Users\FANLIY~1\AppData\Local\Temp\surefire1155274991649245510\surefirebooter8011385076306169779.jar C:\Users\fanliyong\AppData\Local\Temp\surefire1155274991649245510 2018-11-30T15-15-19_565-jvmRun1 surefire5124831294540217187tmp surefire_01194723069383290551tmp"/>
    <property name="surefire.test.class.path" value="D:\splib\target\test-classes;D:\splib\target\classes;E:\mavenProject\org\springframework\boot\spring-boot-starter-thymeleaf\2.0.3.RELEASE\spring-boot-starter-thymeleaf-2.0.3.RELEASE.jar;E:\mavenProject\org\springframework\boot\spring-boot-starter\2.0.3.RELEASE\spring-boot-starter-2.0.3.RELEASE.jar;E:\mavenProject\org\springframework\boot\spring-boot\2.0.3.RELEASE\spring-boot-2.0.3.RELEASE.jar;E:\mavenProject\org\springframework\boot\spring-boot-autoconfigure\2.0.3.RELEASE\spring-boot-autoconfigure-2.0.3.RELEASE.jar;E:\mavenProject\org\springframework\boot\spring-boot-starter-logging\2.0.3.RELEASE\spring-boot-starter-logging-2.0.3.RELEASE.jar;E:\mavenProject\ch\qos\logback\logback-classic\1.2.3\logback-classic-1.2.3.jar;E:\mavenProject\ch\qos\logback\logback-core\1.2.3\logback-core-1.2.3.jar;E:\mavenProject\org\apache\logging\log4j\log4j-to-slf4j\2.10.0\log4j-to-slf4j-2.10.0.jar;E:\mavenProject\org\apache\logging\log4j\log4j-api\2.10.0\log4j-api-2.10.0.jar;E:\mavenProject\org\slf4j\jul-to-slf4j\1.7.25\jul-to-slf4j-1.7.25.jar;E:\mavenProject\javax\annotation\javax.annotation-api\1.3.2\javax.annotation-api-1.3.2.jar;E:\mavenProject\org\yaml\snakeyaml\1.19\snakeyaml-1.19.jar;E:\mavenProject\org\thymeleaf\thymeleaf-spring5\3.0.9.RELEASE\thymeleaf-spring5-3.0.9.RELEASE.jar;E:\mavenProject\org\thymeleaf\thymeleaf\3.0.9.RELEASE\thymeleaf-3.0.9.RELEASE.jar;E:\mavenProject\org\attoparser\attoparser\2.0.4.RELEASE\attoparser-2.0.4.RELEASE.jar;E:\mavenProject\org\unbescape\unbescape\1.1.5.RELEASE\unbescape-1.1.5.RELEASE.jar;E:\mavenProject\org\slf4j\slf4j-api\1.7.25\slf4j-api-1.7.25.jar;E:\mavenProject\org\thymeleaf\extras\thymeleaf-extras-java8time\3.0.1.RELEASE\thymeleaf-extras-java8time-3.0.1.RELEASE.jar;E:\mavenProject\org\springframework\boot\spring-boot-starter-web\2.0.3.RELEASE\spring-boot-starter-web-2.0.3.RELEASE.jar;E:\mavenProject\org\springframework\boot\spring-boot-starter-json\2.0.3.RELEASE\spring-boot-starter-json-2.0.3.RELEASE.jar;E:\mavenProject\com\fasterxml\jackson\core\jackson-databind\2.9.6\jackson-databind-2.9.6.jar;E:\mavenProject\com\fasterxml\jackson\core\jackson-annotations\2.9.0\jackson-annotations-2.9.0.jar;E:\mavenProject\com\fasterxml\jackson\core\jackson-core\2.9.6\jackson-core-2.9.6.jar;E:\mavenProject\com\fasterxml\jackson\datatype\jackson-datatype-jdk8\2.9.6\jackson-datatype-jdk8-2.9.6.jar;E:\mavenProject\com\fasterxml\jackson\datatype\jackson-datatype-jsr310\2.9.6\jackson-datatype-jsr310-2.9.6.jar;E:\mavenProject\com\fasterxml\jackson\module\jackson-module-parameter-names\2.9.6\jackson-module-parameter-names-2.9.6.jar;E:\mavenProject\org\springframework\boot\spring-boot-starter-tomcat\2.0.3.RELEASE\spring-boot-starter-tomcat-2.0.3.RELEASE.jar;E:\mavenProject\org\apache\tomcat\embed\tomcat-embed-core\8.5.31\tomcat-embed-core-8.5.31.jar;E:\mavenProject\org\apache\tomcat\embed\tomcat-embed-el\8.5.31\tomcat-embed-el-8.5.31.jar;E:\mavenProject\org\apache\tomcat\embed\tomcat-embed-websocket\8.5.31\tomcat-embed-websocket-8.5.31.jar;E:\mavenProject\org\hibernate\validator\hibernate-validator\6.0.10.Final\hibernate-validator-6.0.10.Final.jar;E:\mavenProject\javax\validation\validation-api\2.0.1.Final\validation-api-2.0.1.Final.jar;E:\mavenProject\org\jboss\logging\jboss-logging\3.3.2.Final\jboss-logging-3.3.2.Final.jar;E:\mavenProject\com\fasterxml\classmate\1.3.4\classmate-1.3.4.jar;E:\mavenProject\org\springframework\spring-web\5.0.7.RELEASE\spring-web-5.0.7.RELEASE.jar;E:\mavenProject\org\springframework\spring-beans\5.0.7.RELEASE\spring-beans-5.0.7.RELEASE.jar;E:\mavenProject\org\springframework\spring-webmvc\5.0.7.RELEASE\spring-webmvc-5.0.7.RELEASE.jar;E:\mavenProject\org\springframework\spring-aop\5.0.7.RELEASE\spring-aop-5.0.7.RELEASE.jar;E:\mavenProject\org\springframework\spring-context\5.0.7.RELEASE\spring-context-5.0.7.RELEASE.jar;E:\mavenProject\org\springframework\spring-expression\5.0.7.RELEASE\spring-expression-5.0.7.RELEASE.jar;E:\mavenProject\org\springframework\boot\spring-boot-starter-test\2.0.3.RELEASE\spring-boot-starter-test-2.0.3.RELEASE.jar;E:\mavenProject\org\springframework\boot\spring-boot-test\2.0.3.RELEASE\spring-boot-test-2.0.3.RELEASE.jar;E:\mavenProject\org\springframework\boot\spring-boot-test-autoconfigure\2.0.3.RELEASE\spring-boot-test-autoconfigure-2.0.3.RELEASE.jar;E:\mavenProject\com\jayway\jsonpath\json-path\2.4.0\json-path-2.4.0.jar;E:\mavenProject\net\minidev\json-smart\2.3\json-smart-2.3.jar;E:\mavenProject\net\minidev\accessors-smart\1.2\accessors-smart-1.2.jar;E:\mavenProject\org\ow2\asm\asm\5.0.4\asm-5.0.4.jar;E:\mavenProject\junit\junit\4.12\junit-4.12.jar;E:\mavenProject\org\assertj\assertj-core\3.9.1\assertj-core-3.9.1.jar;E:\mavenProject\org\mockito\mockito-core\2.15.0\mockito-core-2.15.0.jar;E:\mavenProject\net\bytebuddy\byte-buddy\1.7.11\byte-buddy-1.7.11.jar;E:\mavenProject\net\bytebuddy\byte-buddy-agent\1.7.11\byte-buddy-agent-1.7.11.jar;E:\mavenProject\org\objenesis\objenesis\2.6\objenesis-2.6.jar;E:\mavenProject\org\hamcrest\hamcrest-core\1.3\hamcrest-core-1.3.jar;E:\mavenProject\org\hamcrest\hamcrest-library\1.3\hamcrest-library-1.3.jar;E:\mavenProject\org\skyscreamer\jsonassert\1.5.0\jsonassert-1.5.0.jar;E:\mavenProject\com\vaadin\external\google\android-json\0.0.20131108.vaadin1\android-json-0.0.20131108.vaadin1.jar;E:\mavenProject\org\springframework\spring-core\5.0.7.RELEASE\spring-core-5.0.7.RELEASE.jar;E:\mavenProject\org\springframework\spring-jcl\5.0.7.RELEASE\spring-jcl-5.0.7.RELEASE.jar;E:\mavenProject\org\springframework\spring-test\5.0.7.RELEASE\spring-test-5.0.7.RELEASE.jar;E:\mavenProject\org\xmlunit\xmlunit-core\2.5.1\xmlunit-core-2.5.1.jar;E:\mavenProject\org\springframework\boot\spring-boot-starter-jdbc\2.0.3.RELEASE\spring-boot-starter-jdbc-2.0.3.RELEASE.jar;E:\mavenProject\com\zaxxer\HikariCP\2.7.9\HikariCP-2.7.9.jar;E:\mavenProject\org\springframework\spring-jdbc\5.0.7.RELEASE\spring-jdbc-5.0.7.RELEASE.jar;E:\mavenProject\org\springframework\spring-tx\5.0.7.RELEASE\spring-tx-5.0.7.RELEASE.jar;E:\mavenProject\mysql\mysql-connector-java\5.1.46\mysql-connector-java-5.1.46.jar;E:\mavenProject\org\mybatis\mybatis\3.4.4\mybatis-3.4.4.jar;E:\mavenProject\org\mybatis\spring\boot\mybatis-spring-boot-starter\1.3.0\mybatis-spring-boot-starter-1.3.0.jar;E:\mavenProject\org\mybatis\spring\boot\mybatis-spring-boot-autoconfigure\1.3.0\mybatis-spring-boot-autoconfigure-1.3.0.jar;E:\mavenProject\org\mybatis\mybatis-spring\1.3.1\mybatis-spring-1.3.1.jar;E:\mavenProject\org\mybatis\generator\mybatis-generator-core\1.3.1\mybatis-generator-core-1.3.1.jar;E:\mavenProject\com\github\pagehelper\pagehelper\5.1.2\pagehelper-5.1.2.jar;E:\mavenProject\com\github\jsqlparser\jsqlparser\1.0\jsqlparser-1.0.jar;E:\mavenProject\org\apache\shiro\shiro-spring\1.4.0\shiro-spring-1.4.0.jar;E:\mavenProject\org\apache\shiro\shiro-core\1.4.0\shiro-core-1.4.0.jar;E:\mavenProject\org\apache\shiro\shiro-lang\1.4.0\shiro-lang-1.4.0.jar;E:\mavenProject\org\apache\shiro\shiro-cache\1.4.0\shiro-cache-1.4.0.jar;E:\mavenProject\org\apache\shiro\shiro-crypto-hash\1.4.0\shiro-crypto-hash-1.4.0.jar;E:\mavenProject\org\apache\shiro\shiro-crypto-core\1.4.0\shiro-crypto-core-1.4.0.jar;E:\mavenProject\org\apache\shiro\shiro-crypto-cipher\1.4.0\shiro-crypto-cipher-1.4.0.jar;E:\mavenProject\org\apache\shiro\shiro-config-core\1.4.0\shiro-config-core-1.4.0.jar;E:\mavenProject\org\apache\shiro\shiro-config-ogdl\1.4.0\shiro-config-ogdl-1.4.0.jar;E:\mavenProject\commons-beanutils\commons-beanutils\1.9.3\commons-beanutils-1.9.3.jar;E:\mavenProject\commons-collections\commons-collections\3.2.2\commons-collections-3.2.2.jar;E:\mavenProject\org\apache\shiro\shiro-event\1.4.0\shiro-event-1.4.0.jar;E:\mavenProject\org\apache\shiro\shiro-web\1.4.0\shiro-web-1.4.0.jar;E:\mavenProject\org\apache\shiro\shiro-ehcache\1.2.2\shiro-ehcache-1.2.2.jar;E:\mavenProject\net\sf\ehcache\ehcache-core\2.5.0\ehcache-core-2.5.0.jar;"/>
    <property name="sun.cpu.endian" value="little"/>
    <property name="user.home" value="C:\Users\fanliyong"/>
    <property name="user.language" value="zh"/>
    <property name="java.specification.vendor" value="Oracle Corporation"/>
    <property name="java.home" value="C:\Program Files\Java\jdk1.8.0_121\jre"/>
    <property name="basedir" value="D:\splib"/>
    <property name="file.separator" value="\"/>
    <property name="line.separator" value="&#10;"/>
    <property name="java.vm.specification.vendor" value="Oracle Corporation"/>
    <property name="java.specification.name" value="Java Platform API Specification"/>
    <property name="java.awt.graphicsenv" value="sun.awt.Win32GraphicsEnvironment"/>
    <property name="surefire.real.class.path" value="C:\Users\FANLIY~1\AppData\Local\Temp\surefire1155274991649245510\surefirebooter8011385076306169779.jar"/>
    <property name="sun.boot.class.path" value="C:\Program Files\Java\jdk1.8.0_121\jre\lib\resources.jar;C:\Program Files\Java\jdk1.8.0_121\jre\lib\rt.jar;C:\Program Files\Java\jdk1.8.0_121\jre\lib\sunrsasign.jar;C:\Program Files\Java\jdk1.8.0_121\jre\lib\jsse.jar;C:\Program Files\Java\jdk1.8.0_121\jre\lib\jce.jar;C:\Program Files\Java\jdk1.8.0_121\jre\lib\charsets.jar;C:\Program Files\Java\jdk1.8.0_121\jre\lib\jfr.jar;C:\Program Files\Java\jdk1.8.0_121\jre\classes"/>
    <property name="user.script" value=""/>
    <property name="sun.management.compiler" value="HotSpot 64-Bit Tiered Compilers"/>
    <property name="java.runtime.version" value="1.8.0_121-b13"/>
    <property name="user.name" value="fanliyong"/>
    <property name="path.separator" value=";"/>
    <property name="os.version" value="10.0"/>
    <property name="java.endorsed.dirs" value="C:\Program Files\Java\jdk1.8.0_121\jre\lib\endorsed"/>
    <property name="java.runtime.name" value="Java(TM) SE Runtime Environment"/>
    <property name="file.encoding" value="GBK"/>
    <property name="java.vm.name" value="Java HotSpot(TM) 64-Bit Server VM"/>
    <property name="localRepository" value="E:\mavenProject"/>
    <property name="java.vendor.url.bug" value="http://bugreport.sun.com/bugreport/"/>
    <property name="java.io.tmpdir" value="C:\Users\FANLIY~1\AppData\Local\Temp\"/>
    <property name="idea.version" value="2018.1.5"/>
    <property name="java.version" value="1.8.0_121"/>
    <property name="user.dir" value="D:\splib"/>
    <property name="os.arch" value="amd64"/>
    <property name="java.vm.specification.name" value="Java Virtual Machine Specification"/>
    <property name="java.awt.printerjob" value="sun.awt.windows.WPrinterJob"/>
    <property name="sun.os.patch.level" value=""/>
    <property name="java.library.path" value="C:\Program Files\Java\jdk1.8.0_121\jre\bin;C:\WINDOWS\Sun\Java\bin;C:\WINDOWS\system32;C:\WINDOWS;C:\Program Files\HPE\NV\lib\shunra\vcat;C:\Program Files\Java\jdk1.8.0_121\bin;C:\WINDOWS\system32;C:\WINDOWS;C:\WINDOWS\System32\Wbem;C:\WINDOWS\System32\WindowsPowerShell\v1.0\;C:\Program Files\Git\cmd;C:\MinGW\bin;C:\Program Files\Common Files\Autodesk Shared\;C:\Program Files\LLVM\bin;C:\Users\fanliyong\AppData\Local\GitHubDesktop;D:\android\adb;C:\Program Files\PuTTY\;D:\tomcat\bin;C:\Program Files\Java\jre1.8.0_121\bin;C:\Program Files\Intel\WiFi\bin\;C:\Program Files\Common Files\Intel\WirelessCommon\;C:\Program Files (x86)\NVIDIA Corporation\PhysX\Common;D:\apache-maven-3.5.3\bin;C:\WINDOWS\system32;C:\WINDOWS;C:\WINDOWS\System32\Wbem;C:\WINDOWS\System32\WindowsPowerShell\v1.0\;C:\WINDOWS\System32\OpenSSH\;C:\Program Files (x86)\Microsoft VS Code\bin;C:\Users\fanliyong\AppData\Local\Programs\Python\Python36\Scripts\;C:\Users\fanliyong\AppData\Local\Programs\Python\Python36\;C:\Users\fanliyong\AppData\Local\Microsoft\WindowsApps;d:\Program Files (x86)\Microsoft VS Code\bin;C:\Users\fanliyong\AppData\Local\atom\bin;D:\android\adb;C:\Program Files (x86)\Microsoft VS Code\bin;C:\Users\fanliyong\AppData\Local\Microsoft\WindowsApps;C:\Users\fanliyong\AppData\Local\GitHubDesktop\bin;C:\Users\fanliyong\AppData\Local\Programs\Fiddler;."/>
    <property name="java.vm.info" value="mixed mode"/>
    <property name="java.vendor" value="Oracle Corporation"/>
    <property name="java.vm.version" value="25.121-b13"/>
    <property name="java.ext.dirs" value="C:\Program Files\Java\jdk1.8.0_121\jre\lib\ext;C:\WINDOWS\Sun\Java\lib\ext"/>
    <property name="sun.io.unicode.encoding" value="UnicodeLittle"/>
    <property name="java.class.version" value="52.0"/>
  </properties>
  <testcase name="test" classname="com.yixing.splib.SplibApplicationTests" time="0.103"/>
</testsuite>